<?xml version="1.0" encoding="UTF-8"?>
<testsuite xmlns:xsi="http://www.w3.org/2001/XMLSchema-instance" xsi:noNamespaceSchemaLocation="https://maven.apache.org/surefire/maven-surefire-plugin/xsd/surefire-test-report-3.0.xsd" version="3.0" name="TestSuite" time="47.522" tests="1" errors="0" skipped="0" failures="0">
  <properties>
    <property name="gopherProxySet" value="false"/>
    <property name="awt.toolkit" value="sun.lwawt.macosx.LWCToolkit"/>
    <property name="file.encoding.pkg" value="sun.io"/>
    <property name="java.specification.version" value="1.8"/>
    <property name="sun.cpu.isalist" value=""/>
    <property name="sun.jnu.encoding" value="UTF-8"/>
    <property name="java.class.path" value="/Users/dchengalvarayan/Documents/gogows/BudgetTesting/target/test-classes:/Users/dchengalvarayan/Documents/gogows/BudgetTesting/target/classes:/Users/dchengalvarayan/.m2/repository/org/seleniumhq/selenium/selenium-java/3.141.59/selenium-java-3.141.59.jar:/Users/dchengalvarayan/.m2/repository/org/seleniumhq/selenium/selenium-api/3.141.59/selenium-api-3.141.59.jar:/Users/dchengalvarayan/.m2/repository/org/seleniumhq/selenium/selenium-chrome-driver/3.141.59/selenium-chrome-driver-3.141.59.jar:/Users/dchengalvarayan/.m2/repository/org/seleniumhq/selenium/selenium-edge-driver/3.141.59/selenium-edge-driver-3.141.59.jar:/Users/dchengalvarayan/.m2/repository/org/seleniumhq/selenium/selenium-firefox-driver/3.141.59/selenium-firefox-driver-3.141.59.jar:/Users/dchengalvarayan/.m2/repository/org/seleniumhq/selenium/selenium-ie-driver/3.141.59/selenium-ie-driver-3.141.59.jar:/Users/dchengalvarayan/.m2/repository/org/seleniumhq/selenium/selenium-opera-driver/3.141.59/selenium-opera-driver-3.141.59.jar:/Users/dchengalvarayan/.m2/repository/org/seleniumhq/selenium/selenium-remote-driver/3.141.59/selenium-remote-driver-3.141.59.jar:/Users/dchengalvarayan/.m2/repository/org/seleniumhq/selenium/selenium-safari-driver/3.141.59/selenium-safari-driver-3.141.59.jar:/Users/dchengalvarayan/.m2/repository/org/seleniumhq/selenium/selenium-support/3.141.59/selenium-support-3.141.59.jar:/Users/dchengalvarayan/.m2/repository/net/bytebuddy/byte-buddy/1.8.15/byte-buddy-1.8.15.jar:/Users/dchengalvarayan/.m2/repository/org/apache/commons/commons-exec/1.3/commons-exec-1.3.jar:/Users/dchengalvarayan/.m2/repository/com/google/guava/guava/25.0-jre/guava-25.0-jre.jar:/Users/dchengalvarayan/.m2/repository/com/google/code/findbugs/jsr305/1.3.9/jsr305-1.3.9.jar:/Users/dchengalvarayan/.m2/repository/org/checkerframework/checker-compat-qual/2.0.0/checker-compat-qual-2.0.0.jar:/Users/dchengalvarayan/.m2/repository/com/google/errorprone/error_prone_annotations/2.1.3/error_prone_annotations-2.1.3.jar:/Users/dchengalvarayan/.m2/repository/com/google/j2objc/j2objc-annotations/1.1/j2objc-annotations-1.1.jar:/Users/dchengalvarayan/.m2/repository/org/codehaus/mojo/animal-sniffer-annotations/1.14/animal-sniffer-annotations-1.14.jar:/Users/dchengalvarayan/.m2/repository/com/squareup/okhttp3/okhttp/3.11.0/okhttp-3.11.0.jar:/Users/dchengalvarayan/.m2/repository/com/squareup/okio/okio/1.14.0/okio-1.14.0.jar:/Users/dchengalvarayan/.m2/repository/com/relevantcodes/extentreports/2.41.2/extentreports-2.41.2.jar:/Users/dchengalvarayan/.m2/repository/org/jsoup/jsoup/1.8.3/jsoup-1.8.3.jar:/Users/dchengalvarayan/.m2/repository/org/xerial/sqlite-jdbc/3.8.11.1/sqlite-jdbc-3.8.11.1.jar:/Users/dchengalvarayan/.m2/repository/org/freemarker/freemarker/2.3.23/freemarker-2.3.23.jar:/Users/dchengalvarayan/.m2/repository/org/mongodb/mongodb-driver/3.0.4/mongodb-driver-3.0.4.jar:/Users/dchengalvarayan/.m2/repository/org/mongodb/bson/3.0.4/bson-3.0.4.jar:/Users/dchengalvarayan/.m2/repository/org/mongodb/mongodb-driver-core/3.0.4/mongodb-driver-core-3.0.4.jar:/Users/dchengalvarayan/.m2/repository/org/apache/poi/poi/3.15/poi-3.15.jar:/Users/dchengalvarayan/.m2/repository/commons-codec/commons-codec/1.10/commons-codec-1.10.jar:/Users/dchengalvarayan/.m2/repository/org/apache/commons/commons-collections4/4.1/commons-collections4-4.1.jar:/Users/dchengalvarayan/.m2/repository/org/apache/poi/poi-ooxml/3.15/poi-ooxml-3.15.jar:/Users/dchengalvarayan/.m2/repository/org/apache/poi/poi-ooxml-schemas/3.15/poi-ooxml-schemas-3.15.jar:/Users/dchengalvarayan/.m2/repository/org/apache/xmlbeans/xmlbeans/2.6.0/xmlbeans-2.6.0.jar:/Users/dchengalvarayan/.m2/repository/stax/stax-api/1.0.1/stax-api-1.0.1.jar:/Users/dchengalvarayan/.m2/repository/com/github/virtuald/curvesapi/1.04/curvesapi-1.04.jar:/Users/dchengalvarayan/.m2/repository/commons-io/commons-io/1.3.2/commons-io-1.3.2.jar:/Users/dchengalvarayan/.m2/repository/org/apache/pdfbox/pdfbox/1.8.10/pdfbox-1.8.10.jar:/Users/dchengalvarayan/.m2/repository/org/apache/pdfbox/jempbox/1.8.10/jempbox-1.8.10.jar:/Users/dchengalvarayan/.m2/repository/commons-logging/commons-logging/1.1.1/commons-logging-1.1.1.jar:/Users/dchengalvarayan/.m2/repository/org/apache/pdfbox/fontbox/1.8.10/fontbox-1.8.10.jar:/Users/dchengalvarayan/.m2/repository/org/apache/pdfbox/pdfbox-app/1.8.10/pdfbox-app-1.8.10.jar:/Users/dchengalvarayan/.m2/repository/org/testng/testng/6.14.3/testng-6.14.3.jar:/Users/dchengalvarayan/.m2/repository/com/beust/jcommander/1.72/jcommander-1.72.jar:/Users/dchengalvarayan/.m2/repository/org/apache-extras/beanshell/bsh/2.0b6/bsh-2.0b6.jar:"/>
    <property name="java.vm.vendor" value="JetBrains s.r.o"/>
    <property name="sun.arch.data.model" value="64"/>
    <property name="java.vendor.url" value="https://www.jetbrains.com/"/>
    <property name="user.timezone" value=""/>
    <property name="java.vm.specification.version" value="1.8"/>
    <property name="os.name" value="Mac OS X"/>
    <property name="user.country" value="US"/>
    <property name="sun.java.launcher" value="SUN_STANDARD"/>
    <property name="sun.boot.library.path" value="/Applications/Android Studio.app/Contents/jre/jdk/Contents/Home/jre/lib"/>
    <property name="sun.java.command" value="/Users/dchengalvarayan/Documents/gogows/BudgetTesting/target/surefire/surefirebooter3589854883515092716.jar /Users/dchengalvarayan/Documents/gogows/BudgetTesting/target/surefire 2019-08-10T14-11-17_098-jvmRun1 surefire4882173767637269814tmp surefire_07061338962710415113tmp"/>
    <property name="http.nonProxyHosts" value="local|*.local|169.254/16|*.169.254/16"/>
    <property name="surefire.test.class.path" value="/Users/dchengalvarayan/Documents/gogows/BudgetTesting/target/test-classes:/Users/dchengalvarayan/Documents/gogows/BudgetTesting/target/classes:/Users/dchengalvarayan/.m2/repository/org/seleniumhq/selenium/selenium-java/3.141.59/selenium-java-3.141.59.jar:/Users/dchengalvarayan/.m2/repository/org/seleniumhq/selenium/selenium-api/3.141.59/selenium-api-3.141.59.jar:/Users/dchengalvarayan/.m2/repository/org/seleniumhq/selenium/selenium-chrome-driver/3.141.59/selenium-chrome-driver-3.141.59.jar:/Users/dchengalvarayan/.m2/repository/org/seleniumhq/selenium/selenium-edge-driver/3.141.59/selenium-edge-driver-3.141.59.jar:/Users/dchengalvarayan/.m2/repository/org/seleniumhq/selenium/selenium-firefox-driver/3.141.59/selenium-firefox-driver-3.141.59.jar:/Users/dchengalvarayan/.m2/repository/org/seleniumhq/selenium/selenium-ie-driver/3.141.59/selenium-ie-driver-3.141.59.jar:/Users/dchengalvarayan/.m2/repository/org/seleniumhq/selenium/selenium-opera-driver/3.141.59/selenium-opera-driver-3.141.59.jar:/Users/dchengalvarayan/.m2/repository/org/seleniumhq/selenium/selenium-remote-driver/3.141.59/selenium-remote-driver-3.141.59.jar:/Users/dchengalvarayan/.m2/repository/org/seleniumhq/selenium/selenium-safari-driver/3.141.59/selenium-safari-driver-3.141.59.jar:/Users/dchengalvarayan/.m2/repository/org/seleniumhq/selenium/selenium-support/3.141.59/selenium-support-3.141.59.jar:/Users/dchengalvarayan/.m2/repository/net/bytebuddy/byte-buddy/1.8.15/byte-buddy-1.8.15.jar:/Users/dchengalvarayan/.m2/repository/org/apache/commons/commons-exec/1.3/commons-exec-1.3.jar:/Users/dchengalvarayan/.m2/repository/com/google/guava/guava/25.0-jre/guava-25.0-jre.jar:/Users/dchengalvarayan/.m2/repository/com/google/code/findbugs/jsr305/1.3.9/jsr305-1.3.9.jar:/Users/dchengalvarayan/.m2/repository/org/checkerframework/checker-compat-qual/2.0.0/checker-compat-qual-2.0.0.jar:/Users/dchengalvarayan/.m2/repository/com/google/errorprone/error_prone_annotations/2.1.3/error_prone_annotations-2.1.3.jar:/Users/dchengalvarayan/.m2/repository/com/google/j2objc/j2objc-annotations/1.1/j2objc-annotations-1.1.jar:/Users/dchengalvarayan/.m2/repository/org/codehaus/mojo/animal-sniffer-annotations/1.14/animal-sniffer-annotations-1.14.jar:/Users/dchengalvarayan/.m2/repository/com/squareup/okhttp3/okhttp/3.11.0/okhttp-3.11.0.jar:/Users/dchengalvarayan/.m2/repository/com/squareup/okio/okio/1.14.0/okio-1.14.0.jar:/Users/dchengalvarayan/.m2/repository/com/relevantcodes/extentreports/2.41.2/extentreports-2.41.2.jar:/Users/dchengalvarayan/.m2/repository/org/jsoup/jsoup/1.8.3/jsoup-1.8.3.jar:/Users/dchengalvarayan/.m2/repository/org/xerial/sqlite-jdbc/3.8.11.1/sqlite-jdbc-3.8.11.1.jar:/Users/dchengalvarayan/.m2/repository/org/freemarker/freemarker/2.3.23/freemarker-2.3.23.jar:/Users/dchengalvarayan/.m2/repository/org/mongodb/mongodb-driver/3.0.4/mongodb-driver-3.0.4.jar:/Users/dchengalvarayan/.m2/repository/org/mongodb/bson/3.0.4/bson-3.0.4.jar:/Users/dchengalvarayan/.m2/repository/org/mongodb/mongodb-driver-core/3.0.4/mongodb-driver-core-3.0.4.jar:/Users/dchengalvarayan/.m2/repository/org/apache/poi/poi/3.15/poi-3.15.jar:/Users/dchengalvarayan/.m2/repository/commons-codec/commons-codec/1.10/commons-codec-1.10.jar:/Users/dchengalvarayan/.m2/repository/org/apache/commons/commons-collections4/4.1/commons-collections4-4.1.jar:/Users/dchengalvarayan/.m2/repository/org/apache/poi/poi-ooxml/3.15/poi-ooxml-3.15.jar:/Users/dchengalvarayan/.m2/repository/org/apache/poi/poi-ooxml-schemas/3.15/poi-ooxml-schemas-3.15.jar:/Users/dchengalvarayan/.m2/repository/org/apache/xmlbeans/xmlbeans/2.6.0/xmlbeans-2.6.0.jar:/Users/dchengalvarayan/.m2/repository/stax/stax-api/1.0.1/stax-api-1.0.1.jar:/Users/dchengalvarayan/.m2/repository/com/github/virtuald/curvesapi/1.04/curvesapi-1.04.jar:/Users/dchengalvarayan/.m2/repository/commons-io/commons-io/1.3.2/commons-io-1.3.2.jar:/Users/dchengalvarayan/.m2/repository/org/apache/pdfbox/pdfbox/1.8.10/pdfbox-1.8.10.jar:/Users/dchengalvarayan/.m2/repository/org/apache/pdfbox/jempbox/1.8.10/jempbox-1.8.10.jar:/Users/dchengalvarayan/.m2/repository/commons-logging/commons-logging/1.1.1/commons-logging-1.1.1.jar:/Users/dchengalvarayan/.m2/repository/org/apache/pdfbox/fontbox/1.8.10/fontbox-1.8.10.jar:/Users/dchengalvarayan/.m2/repository/org/apache/pdfbox/pdfbox-app/1.8.10/pdfbox-app-1.8.10.jar:/Users/dchengalvarayan/.m2/repository/org/testng/testng/6.14.3/testng-6.14.3.jar:/Users/dchengalvarayan/.m2/repository/com/beust/jcommander/1.72/jcommander-1.72.jar:/Users/dchengalvarayan/.m2/repository/org/apache-extras/beanshell/bsh/2.0b6/bsh-2.0b6.jar:"/>
    <property name="sun.cpu.endian" value="little"/>
    <property name="user.home" value="/Users/dchengalvarayan"/>
    <property name="user.language" value="en"/>
    <property name="java.specification.vendor" value="Oracle Corporation"/>
    <property name="java.home" value="/Applications/Android Studio.app/Contents/jre/jdk/Contents/Home/jre"/>
    <property name="basedir" value="/Users/dchengalvarayan/Documents/gogows/BudgetTesting"/>
    <property name="file.separator" value="/"/>
    <property name="line.separator" value="&#10;"/>
    <property name="java.vm.specification.vendor" value="Oracle Corporation"/>
    <property name="java.specification.name" value="Java Platform API Specification"/>
    <property name="java.awt.graphicsenv" value="sun.awt.CGraphicsEnvironment"/>
    <property name="surefire.real.class.path" value="/Users/dchengalvarayan/Documents/gogows/BudgetTesting/target/surefire/surefirebooter3589854883515092716.jar"/>
    <property name="sun.boot.class.path" value="/Applications/Android Studio.app/Contents/jre/jdk/Contents/Home/jre/lib/resources.jar:/Applications/Android Studio.app/Contents/jre/jdk/Contents/Home/jre/lib/rt.jar:/Applications/Android Studio.app/Contents/jre/jdk/Contents/Home/jre/lib/sunrsasign.jar:/Applications/Android Studio.app/Contents/jre/jdk/Contents/Home/jre/lib/jsse.jar:/Applications/Android Studio.app/Contents/jre/jdk/Contents/Home/jre/lib/jce.jar:/Applications/Android Studio.app/Contents/jre/jdk/Contents/Home/jre/lib/charsets.jar:/Applications/Android Studio.app/Contents/jre/jdk/Contents/Home/jre/lib/jfr.jar:/Applications/Android Studio.app/Contents/jre/jdk/Contents/Home/jre/classes"/>
    <property name="sun.management.compiler" value="HotSpot 64-Bit Tiered Compilers"/>
    <property name="ftp.nonProxyHosts" value="local|*.local|169.254/16|*.169.254/16"/>
    <property name="java.runtime.version" value="1.8.0_152-release-1024-b01"/>
    <property name="user.name" value="dchengalvarayan"/>
    <property name="path.separator" value=":"/>
    <property name="os.version" value="10.13.6"/>
    <property name="java.endorsed.dirs" value="/Applications/Android Studio.app/Contents/jre/jdk/Contents/Home/jre/lib/endorsed"/>
    <property name="java.runtime.name" value="OpenJDK Runtime Environment"/>
    <property name="file.encoding" value="UTF-8"/>
    <property name="java.vm.name" value="OpenJDK 64-Bit Server VM"/>
    <property name="localRepository" value="/Users/dchengalvarayan/.m2/repository"/>
    <property name="java.vendor.url.bug" value="https://youtrack.jetbrains.com"/>
    <property name="java.io.tmpdir" value="/var/folders/jr/c1lvmjm136bc8xpmdc34szj471h6gf/T/"/>
    <property name="java.version" value="1.8.0_152-release"/>
    <property name="user.dir" value="/Users/dchengalvarayan/Documents/gogows/BudgetTesting"/>
    <property name="os.arch" value="x86_64"/>
    <property name="java.vm.specification.name" value="Java Virtual Machine Specification"/>
    <property name="java.awt.printerjob" value="sun.lwawt.macosx.CPrinterJob"/>
    <property name="sun.os.patch.level" value="unknown"/>
    <property name="java.library.path" value="/Users/dchengalvarayan/Library/Java/Extensions:/Library/Java/Extensions:/Network/Library/Java/Extensions:/System/Library/Java/Extensions:/usr/lib/java:."/>
    <property name="java.vm.info" value="mixed mode"/>
    <property name="java.vendor" value="JetBrains s.r.o"/>
    <property name="java.vm.version" value="25.152-b01"/>
    <property name="java.ext.dirs" value="/Users/dchengalvarayan/Library/Java/Extensions:/Applications/Android Studio.app/Contents/jre/jdk/Contents/Home/jre/lib/ext:/Library/Java/Extensions:/Network/Library/Java/Extensions:/System/Library/Java/Extensions:/usr/lib/java"/>
    <property name="sun.io.unicode.encoding" value="UnicodeBig"/>
    <property name="java.class.version" value="52.0"/>
    <property name="socksNonProxyHosts" value="local|*.local|169.254/16|*.169.254/16"/>
  </properties>
  <testcase name="BuyCar" classname="test.BuyLowPriceSUV" time="34.245"/>
</testsuite>