<?xml version="1.0" encoding="UTF-8"?>
<!-- Generated by org.testng.reporters.JUnitReportReporter -->
<testsuite skipped="0" hostname="M-C02WN271HTD6" name="test.BuyLowPriceSUV" tests="1" failures="0" timestamp="10 Aug 2019 08:42:05 GMT" time="46.243" errors="0">
  <testcase name="BuyCar" time="46.243" classname="test.BuyLowPriceSUV"/>
</testsuite> <!-- test.BuyLowPriceSUV -->
